2016-12-30 15:56:34,177 INFO Global [JavaFX Application Thread] Application started.
2016-12-30 15:56:34,530 INFO Global [JavaFX Application Thread] Database connection established
2016-12-30 16:15:21,078 INFO Global [JavaFX Application Thread] Application started.
2016-12-30 16:15:21,374 INFO Global [JavaFX Application Thread] Database connection established
2016-12-30 16:16:49,058 INFO Global [JavaFX Application Thread] Application started.
2016-12-30 16:16:49,339 INFO Global [JavaFX Application Thread] Database connection established
2016-12-30 16:19:57,426 INFO Global [JavaFX Application Thread] Application started.
2016-12-30 16:19:57,746 INFO Global [JavaFX Application Thread] Database connection established
2016-12-30 16:19:58,026 INFO Global [JavaFX Application Thread] Application started.
2016-12-30 16:19:58,316 INFO Global [JavaFX Application Thread] Database connection established
2016-12-30 16:20:12,940 INFO Global [JavaFX Application Thread] Application started.
2016-12-30 16:20:13,226 INFO Global [JavaFX Application Thread] Database connection established
2016-12-30 16:20:13,242 INFO Global [JavaFX Application Thread] Config data successfully read.
2016-12-30 16:20:13,242 INFO Global [JavaFX Application Thread] Config data successfully set.
2016-12-30 16:20:22,249 INFO Global [main] Config data successfully read.
2016-12-30 16:20:22,250 INFO Global [main] Config data successfully set.
2016-12-30 16:20:51,171 INFO Global [JavaFX Application Thread] Application started.
2016-12-30 16:20:51,457 INFO Global [JavaFX Application Thread] Database connection established
2016-12-30 16:20:51,470 INFO Global [JavaFX Application Thread] Config data successfully read.
2016-12-30 16:20:51,471 INFO Global [JavaFX Application Thread] Config data successfully set.
2016-12-30 16:21:06,693 INFO Global [JavaFX Application Thread] Config file written successfully! 
2016-12-30 16:21:06,693 INFO Global [JavaFX Application Thread] Application closed.
2016-12-30 17:13:49,028 INFO Global [JavaFX Application Thread] Application started.
2016-12-30 17:13:49,348 INFO Global [JavaFX Application Thread] Database connection established
2016-12-30 17:13:49,372 INFO Global [JavaFX Application Thread] Config data successfully read.
2016-12-30 17:13:49,372 INFO Global [JavaFX Application Thread] Config data successfully set.
2016-12-30 17:14:01,929 INFO Global [JavaFX Application Thread] Config file written successfully! 
2016-12-30 17:14:01,929 INFO Global [JavaFX Application Thread] Application closed.
